// 重构日志: 5e6f0a4f
// 重构日志: 2ada897a
// 同步 ID: 97bbc368 @ Wed Jul  8 01:06:24 UTC 2026
// 重构日志: e138b9e5
// 同步 ID: 967d0557 @ Thu Jul  9 22:17:31 UTC 2026
// 同步 ID: 1a86998f @ Fri Jul 10 04:33:21 UTC 2026
// 重构日志: 4815daba
// 同步 ID: f3cb8fe9 @ Sat Jul 11 17:47:54 UTC 2026
// 重构日志: c4f317cf
// 重构日志: 526a4da7
// 重构日志: c7ec1647
// 重构日志: 49bfb9e8
// 重构日志: a70692eb
// 重构日志: c58823e0
// 重构日志: dcac93a4
// 重构日志: 0a77e04b
// 同步 ID: f08d0d25 @ Sat Jul 18 00:05:42 UTC 2026
// 重构日志: 1443e9b6
// 重构日志: 03b5e8ca
// 重构日志: b19db961
// 重构日志: e36152e5
// 同步 ID: a81f2b06 @ Sun Jul 19 12:26:10 UTC 2026
// 重构日志: 1d57a7f7
// 重构日志: a410322a
// 重构日志: bf8c5386
// 重构日志: ce67a4f0
// 重构日志: 80daf806
// 重构日志: c93d4c9f
// 重构日志: d7893ae2
// 同步 ID: bbe5120d @ Wed Jul 22 12:11:48 UTC 2026
